Started GET "/" for 127.0.0.1 at 2021-10-12 06:13:57 +0300
Processing by Rails::WelcomeController#index as HTML
  Rendering vendor/bundle/ruby/2.7.0/gems/railties-5.2.6/lib/rails/templates/rails/welcome/index.html.erb
  Rendered vendor/bundle/ruby/2.7.0/gems/railties-5.2.6/lib/rails/templates/rails/welcome/index.html.erb (5.4ms)
Completed 200 OK in 23ms (Views: 12.8ms | ActiveRecord: 0.0ms)


  [1m[35m (903.7ms)[0m  [1m[35mCREATE DATABASE "MyDatabase" ENCODING = 'unicode'[0m
  ↳ bin/rails:9
  [1m[35m (95.8ms)[0m  [1m[35mCREATE TABLE "schema_migrations" ("version" character varying NOT NULL PRIMARY KEY)[0m
  ↳ bin/rails:9
  [1m[35m (105.4ms)[0m  [1m[35mCREATE TABLE "ar_internal_metadata" ("key" character varying NOT NULL PRIMARY KEY, "value" character varying, "created_at" timestamp NOT NULL, "updated_at" timestamp NOT NULL)[0m
  ↳ bin/rails:9
  [1m[35m (0.3ms)[0m  [1m[34mSELECT pg_try_advisory_lock(4471301585199349845)[0m
  ↳ bin/rails:9
  [1m[35m (1.1ms)[0m  [1m[34mSELECT "schema_migrations"."version" FROM "schema_migrations" ORDER BY "schema_migrations"."version" ASC[0m
  ↳ bin/rails:9
Migrating to CreateMessages (20211012054855)
  [1m[35m (0.9ms)[0m  [1m[35mBEGIN[0m
  ↳ bin/rails:9
  [1m[35m (107.2ms)[0m  [1m[35mCREATE TABLE "messages" ("id" bigserial primary key, "body" text, "created_at" timestamp NOT NULL, "updated_at" timestamp NOT NULL)[0m
  ↳ db/migrate/20211012054855_create_messages.rb:3
  [1m[36mActiveRecord::SchemaMigration Create (0.8ms)[0m  [1m[32mINSERT INTO "schema_migrations" ("version") VALUES ($1) RETURNING "version"[0m  [["version", "20211012054855"]]
  ↳ bin/rails:9
  [1m[35m (13.7ms)[0m  [1m[35mCOMMIT[0m
  ↳ bin/rails:9
  [1m[36mActiveRecord::InternalMetadata Load (0.7ms)[0m  [1m[34mSELECT  "ar_internal_metadata".* FROM "ar_internal_metadata" WHERE "ar_internal_metadata"."key" = $1 LIMIT $2[0m  [["key", "environment"], ["LIMIT", 1]]
  ↳ bin/rails:9
  [1m[35m (0.7ms)[0m  [1m[35mBEGIN[0m
  ↳ bin/rails:9
  [1m[36mActiveRecord::InternalMetadata Create (1.1ms)[0m  [1m[32mINSERT INTO "ar_internal_metadata" ("key", "value", "created_at", "updated_at") VALUES ($1, $2, $3, $4) RETURNING "key"[0m  [["key", "environment"], ["value", "development"], ["created_at", "2021-10-12 05:50:46.455447"], ["updated_at", "2021-10-12 05:50:46.455447"]]
  ↳ bin/rails:9
  [1m[35m (32.1ms)[0m  [1m[35mCOMMIT[0m
  ↳ bin/rails:9
  [1m[35m (0.5ms)[0m  [1m[34mSELECT pg_advisory_unlock(4471301585199349845)[0m
  ↳ bin/rails:9
  [1m[35m (0.6ms)[0m  [1m[34mSELECT "schema_migrations"."version" FROM "schema_migrations" ORDER BY "schema_migrations"."version" ASC[0m
  ↳ bin/rails:9
  [1m[35m (0.4ms)[0m  [1m[35mBEGIN[0m
  [1m[36mMessage Create (1.4ms)[0m  [1m[32mINSERT INTO "messages" ("body", "created_at", "updated_at") VALUES ($1, $2, $3) RETURNING "id"[0m  [["body", "How are you?"], ["created_at", "2021-10-12 05:52:51.613577"], ["updated_at", "2021-10-12 05:52:51.613577"]]
  [1m[35m (49.1ms)[0m  [1m[35mCOMMIT[0m
  [1m[36mMessage Load (0.6ms)[0m  [1m[34mSELECT  "messages".* FROM "messages" LIMIT $1[0m  [["LIMIT", 11]]
  [1m[35m (0.4ms)[0m  [1m[35mBEGIN[0m
  [1m[36mMessage Update (1.0ms)[0m  [1m[33mUPDATE "messages" SET "body" = $1, "updated_at" = $2 WHERE "messages"."id" = $3[0m  [["body", "I am software developer"], ["updated_at", "2021-10-12 05:53:29.525640"], ["id", 1]]
  [1m[35m (36.8ms)[0m  [1m[35mCOMMIT[0m
  [1m[36mMessage Load (0.8ms)[0m  [1m[34mSELECT  "messages".* FROM "messages" LIMIT $1[0m  [["LIMIT", 11]]
  [1m[35m (0.4ms)[0m  [1m[35mBEGIN[0m
  [1m[36mMessage Create (0.8ms)[0m  [1m[32mINSERT INTO "messages" ("body", "created_at", "updated_at") VALUES ($1, $2, $3) RETURNING "id"[0m  [["body", "Hello"], ["created_at", "2021-10-12 05:54:17.781470"], ["updated_at", "2021-10-12 05:54:17.781470"]]
  [1m[35m (39.3ms)[0m  [1m[35mCOMMIT[0m
  [1m[35m (0.4ms)[0m  [1m[35mBEGIN[0m
  [1m[36mMessage Create (0.8ms)[0m  [1m[32mINSERT INTO "messages" ("body", "created_at", "updated_at") VALUES ($1, $2, $3) RETURNING "id"[0m  [["body", "I love you"], ["created_at", "2021-10-12 05:54:59.599340"], ["updated_at", "2021-10-12 05:54:59.599340"]]
  [1m[35m (42.5ms)[0m  [1m[35mCOMMIT[0m
  [1m[35m (0.4ms)[0m  [1m[35mBEGIN[0m
  [1m[36mMessage Create (0.8ms)[0m  [1m[32mINSERT INTO "messages" ("body", "created_at", "updated_at") VALUES ($1, $2, $3) RETURNING "id"[0m  [["body", "Hi"], ["created_at", "2021-10-12 05:55:34.512426"], ["updated_at", "2021-10-12 05:55:34.512426"]]
  [1m[35m (43.2ms)[0m  [1m[35mCOMMIT[0m
  [1m[35m (0.3ms)[0m  [1m[35mBEGIN[0m
  [1m[36mMessage Create (0.8ms)[0m  [1m[32mINSERT INTO "messages" ("body", "created_at", "updated_at") VALUES ($1, $2, $3) RETURNING "id"[0m  [["body", "bye"], ["created_at", "2021-10-12 05:56:04.707719"], ["updated_at", "2021-10-12 05:56:04.707719"]]
  [1m[35m (40.8ms)[0m  [1m[35mCOMMIT[0m
  [1m[36mMessage Load (0.9ms)[0m  [1m[34mSELECT  "messages".* FROM "messages" LIMIT $1[0m  [["LIMIT", 11]]
  [1m[36mMessage Load (0.6ms)[0m  [1m[34mSELECT  "messages".* FROM "messages" WHERE "messages"."id" = $1 LIMIT $2[0m  [["id", 3], ["LIMIT", 1]]
